\BOOKMARK [1][-]{section.1}{\376\377\144\130\211\201}{}% 1
\BOOKMARK [1][-]{section.2}{\376\377\137\025\212\000}{}% 2
\BOOKMARK [1][-]{section.3}{\376\377\116\247\124\301\117\341\140\157}{}% 3
\BOOKMARK [2][-]{subsection.3.1}{\376\377\116\247\124\301\213\364\146\016}{section.3}% 4
\BOOKMARK [2][-]{subsection.3.2}{\376\377\166\356\150\007\116\272\177\244}{section.3}% 5
\BOOKMARK [1][-]{section.4}{\376\377\124\057\123\321\137\017\213\304\117\060\142\200\147\057}{}% 6
\BOOKMARK [2][-]{subsection.4.1}{\376\377\145\271\154\325}{section.4}% 7
\BOOKMARK [2][-]{subsection.4.2}{\376\377\121\167\117\123\230\171\166\356\166\356\150\007}{section.4}% 8
\BOOKMARK [2][-]{subsection.4.3}{\376\377\117\177\165\050\166\204\124\057\123\321\137\017\145\271\154\325}{section.4}% 9
\BOOKMARK [2][-]{subsection.4.4}{\376\377\170\156\133\232\225\356\230\230\166\204\217\173\221\315\177\023\140\045}{section.4}% 10
\BOOKMARK [1][-]{section.5}{\376\377\214\003\147\345\176\323\147\234\151\202\217\360}{}% 11
\BOOKMARK [1][-]{section.6}{\376\377\121\167\117\123\225\356\230\230\230\206\127\337}{}% 12
\BOOKMARK [2][-]{subsection.6.1}{\376\377\140\305\141\037\122\006\147\220\176\323\147\234\227\000\211\201\116\214\153\041\134\125\137\000}{section.6}% 13
\BOOKMARK [3][-]{subsubsection.6.1.1}{\376\377\225\356\230\230}{subsection.6.1}% 14
\BOOKMARK [3][-]{subsubsection.6.1.2}{\376\377\213\301\143\156}{subsection.6.1}% 15
\BOOKMARK [3][-]{subsubsection.6.1.3}{\376\377\136\372\213\256}{subsection.6.1}% 16
\BOOKMARK [2][-]{subsection.6.2}{\376\377\165\050\142\067\142\113\121\214\117\177\165\050\137\000\123\321\213\355\212\000\200\014\116\015\146\057\165\050\142\067\213\355\212\000}{section.6}% 17
\BOOKMARK [3][-]{subsubsection.6.2.1}{\376\377\225\356\230\230}{subsection.6.2}% 18
\BOOKMARK [3][-]{subsubsection.6.2.2}{\376\377\213\301\143\156}{subsection.6.2}% 19
\BOOKMARK [3][-]{subsubsection.6.2.3}{\376\377\136\372\213\256}{subsection.6.2}% 20
\BOOKMARK [2][-]{subsection.6.3}{\376\377\220\011\142\351\145\345\147\037\225\031\213\357\145\340\154\325\166\364\143\245\127\050\220\011\142\351\165\114\227\142\146\364\145\071}{section.6}% 21
\BOOKMARK [3][-]{subsubsection.6.3.1}{\376\377\225\356\230\230}{subsection.6.3}% 22
\BOOKMARK [3][-]{subsubsection.6.3.2}{\376\377\213\301\143\156}{subsection.6.3}% 23
\BOOKMARK [3][-]{subsubsection.6.3.3}{\376\377\136\372\213\256}{subsection.6.3}% 24
\BOOKMARK [2][-]{subsection.6.4}{\376\377\146\076\171\072\123\125\213\315\215\205\121\372\203\003\126\364}{section.6}% 25
\BOOKMARK [3][-]{subsubsection.6.4.1}{\376\377\225\356\230\230}{subsection.6.4}% 26
\BOOKMARK [3][-]{subsubsection.6.4.2}{\376\377\213\301\143\156}{subsection.6.4}% 27
\BOOKMARK [3][-]{subsubsection.6.4.3}{\376\377\136\372\213\256}{subsection.6.4}% 28
\BOOKMARK [2][-]{subsection.6.5}{\376\377\230\165\227\142\117\177\165\050\145\340\141\017\116\111\166\204\122\035\131\313\120\074}{section.6}% 29
\BOOKMARK [3][-]{subsubsection.6.5.1}{\376\377\225\356\230\230}{subsection.6.5}% 30
\BOOKMARK [3][-]{subsubsection.6.5.2}{\376\377\213\301\143\156}{subsection.6.5}% 31
\BOOKMARK [3][-]{subsubsection.6.5.3}{\376\377\136\372\213\256}{subsection.6.5}% 32
